<?xml version="1.0" encoding="UTF-8"?>
<!-- Generated by org.testng.reporters.JUnitReportReporter -->
<testsuite hostname="DESKTOP-SNCN38L" failures="0" tests="4" name="com.crm.newvtiger1.B1_Test" time="0.027" errors="0" timestamp="2022-03-28T15:05:08 IST" skipped="0">
  <testcase classname="com.crm.newvtiger1.B1_Test" name="b3" time="0.002"/>
  <system-out/>
  <testcase classname="com.crm.newvtiger1.B1_Test" name="b4" time="0.003"/>
  <system-out/>
  <testcase classname="com.crm.newvtiger1.B1_Test" name="b1" time="0.020"/>
  <system-out/>
  <testcase classname="com.crm.newvtiger1.B1_Test" name="b2" time="0.002"/>
  <system-out/>
</testsuite> <!-- com.crm.newvtiger1.B1_Test -->
